#-----------------------------------------------------------
# Vivado v2018.3.op (64-bit)
# SW Build 2405991 on Thu Dec  6 23:36:41 MST 2018
# IP Build 2404404 on Fri Dec  7 01:43:56 MST 2018
# Start of session at: Sat Sep 28 16:30:40 2019
# Process ID: 28187
# Current directory: /home/centos/src/vdf-fpga-metzgen/msu/rtl/vivado_metzgen/msu
# Command line: vivado msu.xpr
# Log file: /home/centos/src/vdf-fpga-metzgen/msu/rtl/vivado_metzgen/msu/vivado.log
# Journal file: /home/centos/src/vdf-fpga-metzgen/msu/rtl/vivado_metzgen/msu/vivado.jou
#-----------------------------------------------------------
start_gui
open_project msu.xpr
Scanning sources...
Finished scanning sources
WARNING: [filemgmt 56-3] Board Part Repository Path: Could not find the directory '/home/snpeffer/src/vdf/artya7/vivado-boards-master/new/board_files'.
INFO: [IP_Flow 19-234] Refreshing IP repositories
INFO: [IP_Flow 19-1704] No user IP repositories specified
INFO: [IP_Flow 19-2313] Loaded Vivado IP repository '/opt/Xilinx/Vivado/2018.3.op2405991/data/ip'.
open_project: Time (s): cpu = 00:00:10 ; elapsed = 00:00:07 . Memory (MB): peak = 6444.723 ; gain = 54.414 ; free physical = 54554 ; free virtual = 77644
update_compile_order -fileset sources_1
exit
INFO: [Common 17-206] Exiting Vivado at Sat Sep 28 16:32:02 2019...
INFO: [filemgmt 56-326] User Interrupt. Could not getCurrentGraph()
INFO: [filemgmt 56-326] User Interrupt. Could not getCurrentGraph()
